2023-04-30 13:53:44.798 [main] INFO  org.example.Main - Starting the application
2023-04-30 13:53:44.878 [main] INFO  org.example.Main - Exiting the application
2023-04-30 14:27:49.085 [main] INFO  org.example.Main - Starting the application
2023-04-30 14:27:49.114 [main] WARN  org.example.CreditCard - Transaction declined: Exceeds available funds and credit limit.
2023-04-30 14:27:49.114 [main] ERROR org.example.CreditCard - Invalid PIN entered.
2023-05-01 14:44:23.934 [main] INFO  org.example.Main - Starting the application
2023-05-01 14:55:42.984 [main] INFO  org.example.Main - Starting the application
2023-05-01 14:55:43.031 [main] ERROR org.example.Main - Error creating customer: Custom's name must be represented in latinate letters.
2023-05-01 14:55:58.284 [main] INFO  org.example.Main - Starting the application
2023-05-01 14:55:58.314 [main] ERROR org.example.Main - Error creating customer: Custom's name must be represented in latinate letters.
2023-05-01 14:56:13.619 [main] INFO  org.example.Main - Starting the application
2023-05-01 14:56:13.636 [main] ERROR org.example.Main - Error creating customer: Custom's name must be represented in latinate letters.
2023-05-01 14:59:55.229 [main] INFO  org.example.Main - Starting the application
2023-05-01 14:59:55.242 [main] ERROR org.example.Main - Error creating customer: Custom's name must be represented in latinate letters.
2023-05-01 14:59:55.243 [main] ERROR org.example.Main - Error creating customer: Custom's name must be represented in latinate letters.
2023-05-01 14:59:55.244 [main] INFO  org.example.Main - Exiting the application
2023-05-01 15:04:16.369 [main] INFO  org.example.Main - Starting the application
2023-05-01 15:04:16.385 [main] ERROR org.example.Main - Error creating customer: Custom's name must be represented in latinate letters.
2023-05-01 15:04:16.386 [main] ERROR org.example.Main - Error creating customer: Custom's name must be represented in latinate letters.
2023-05-01 15:04:16.386 [main] INFO  org.example.Main - Exiting the application
2023-05-01 15:09:50.043 [main] INFO  org.example.Main - Starting the application
2023-05-01 15:09:50.058 [main] ERROR org.example.Main - Error creating customer: Custom's name must be represented in latinate letters.
2023-05-01 15:09:50.058 [main] ERROR org.example.Main - Error creating customer: Custom's name must be represented in latinate letters.
2023-05-01 15:09:50.059 [main] INFO  org.example.Main - Exiting the application
2023-05-01 15:11:16.545 [main] INFO  org.example.Main - Starting the application
2023-05-01 15:11:16.560 [main] ERROR org.example.Main - Error creating customer: Custom's name must be represented in latinate letters.
2023-05-01 15:11:16.560 [main] ERROR org.example.Main - Error creating customer: Custom's name must be represented in latinate letters.
2023-05-01 15:11:16.561 [main] INFO  org.example.Main - Exiting the application
2023-05-01 15:11:37.026 [main] INFO  org.example.Main - Starting the application
2023-05-01 15:11:37.328 [main] ERROR org.example.Main - Error creating customer: Custom's name must be represented in latinate letters.
2023-05-01 15:11:37.355 [main] ERROR org.example.Main - Error creating customer: Custom's name must be represented in latinate letters.
2023-05-01 15:11:37.360 [main] INFO  org.example.Main - Exiting the application
2023-05-01 15:16:08.502 [main] INFO  org.example.Main - Starting the application
2023-05-01 15:16:08.516 [main] ERROR org.example.Main - Error creating customer: Custom's name must be represented in latinate letters.
2023-05-01 15:16:08.517 [main] ERROR org.example.Main - Error creating customer: Custom's name must be represented in latinate letters.
2023-05-01 15:16:08.518 [main] INFO  org.example.Main - Exiting the application
2023-05-01 19:13:23.057 [main] INFO  org.example.Main - Starting the application
2023-05-01 19:13:23.074 [main] ERROR org.example.Main - Error creating customer: Custom's name must be represented in latinate letters.
2023-05-01 19:13:23.075 [main] ERROR org.example.Main - Error creating customer: Custom's name must be represented in latinate letters.
2023-05-01 19:13:23.102 [main] INFO  org.example.Main - Exiting the application
2023-05-01 19:13:40.838 [main] INFO  org.example.Main - Starting the application
2023-05-01 19:13:40.853 [main] ERROR org.example.Main - Error creating customer: Custom's name must be represented in latinate letters.
2023-05-01 19:13:40.856 [main] ERROR org.example.Main - Error creating customer: Custom's name must be represented in latinate letters.
2023-05-01 19:13:40.863 [main] INFO  org.example.Main - Exiting the application
2023-05-01 19:17:51.742 [main] INFO  org.example.Main - Starting the application
2023-05-01 19:17:51.758 [main] ERROR org.example.Main - Error creating customer: Custom's name must be represented in latinate letters.
2023-05-01 19:17:51.759 [main] ERROR org.example.Main - Error creating customer: Custom's name must be represented in latinate letters.
2023-05-01 19:17:51.808 [main] INFO  org.example.Main - Exiting the application
2023-05-01 21:02:35.923 [main] INFO  org.example.Main - Starting the application
2023-05-01 21:02:35.938 [main] ERROR org.example.Main - Error creating customer: Custom's name must be represented in latinate letters.
2023-05-01 21:02:35.939 [main] ERROR org.example.Main - Error creating customer: Custom's name must be represented in latinate letters.
2023-05-01 21:02:36.030 [main] INFO  org.example.Main - Exiting the application
2023-05-02 11:46:03.098 [main] INFO  org.example.Main - Starting the application
2023-05-02 11:46:03.218 [main] ERROR org.example.Main - Error creating customer: Custom's name must be represented in latinate letters.
2023-05-02 11:46:03.219 [main] ERROR org.example.Main - Error creating customer: Custom's name must be represented in latinate letters.
2023-05-02 11:46:03.448 [main] INFO  org.example.Main - Exiting the application
2023-05-02 11:47:50.168 [main] ERROR org.example.Main - Error creating customer: Custom's name must be represented in latinate letters.
2023-05-05 11:13:58.841 [main] ERROR org.example.Main - Error creating customer: Custom's name must be represented in latinate letters.
2023-05-05 13:50:33.239 [main] ERROR org.example.Main - Error creating customer: Custom's name must be represented in latinate letters.
2023-05-05 14:06:28.315 [main] INFO  org.example.Main - Exiting the application
2023-05-05 14:13:42.144 [main] INFO  org.example.Main - Exiting the application
2023-05-05 14:14:48.152 [main] INFO  org.example.Main - Exiting the application
2023-05-05 14:38:19.692 [main] INFO  org.example.Main - Printing out sweepStakes...
2023-05-05 14:38:19.732 [main] INFO  org.example.Main - Printing out sweepStakes having removed one member...
2023-05-05 14:38:19.738 [main] INFO  org.example.Main - Printing cardNumbers...
2023-05-05 14:38:19.747 [main] INFO  org.example.Main - Printing cardNumbers...
2023-05-05 14:38:19.779 [main] INFO  org.example.Main - Exiting the application
2023-05-05 14:39:04.036 [main] INFO  org.example.Main - Printing out sweepStakes...
2023-05-05 14:39:04.088 [main] INFO  org.example.Main - Printing out sweepStakes having removed one member...
2023-05-05 14:39:04.093 [main] INFO  org.example.Main - Printing cardNumbers...
2023-05-05 14:39:04.096 [main] INFO  org.example.Main - Printing cardNumbers...
2023-05-05 14:39:04.125 [main] INFO  org.example.Main - Exiting the application
2023-05-05 14:39:31.771 [main] INFO  org.example.Main - Printing out sweepStakes...
2023-05-05 14:39:31.810 [main] INFO  org.example.Main - Printing out sweepStakes having removed one member...
2023-05-05 14:39:31.814 [main] INFO  org.example.Main - Printing cardNumbers...
2023-05-05 14:39:31.818 [main] INFO  org.example.Main - Printing cardNumbers...
2023-05-05 14:39:31.859 [main] INFO  org.example.Main - Exiting the application
2023-05-05 14:40:31.675 [main] INFO  org.example.Main - Printing out sweepStakes...
2023-05-05 14:40:31.737 [main] INFO  org.example.Main - Printing out sweepStakes having removed one member...
2023-05-05 14:40:31.741 [main] INFO  org.example.Main - Printing cardNumbers...
2023-05-05 14:40:31.745 [main] INFO  org.example.Main - Printing cardNumbers...
2023-05-05 14:40:31.789 [main] INFO  org.example.Main - Exiting the application
2023-05-05 16:34:07.250 [main] INFO  org.example.Main - Printing out sweepStakes...
2023-05-05 16:34:07.298 [main] INFO  org.example.Main - Printing out sweepStakes having removed one member...
2023-05-05 16:34:07.303 [main] INFO  org.example.Main - Printing cardNumbers...
2023-05-05 16:34:07.306 [main] INFO  org.example.Main - Printing cardNumbers...
2023-05-05 16:34:07.390 [main] INFO  org.example.Main - Exiting the application
2023-05-05 16:51:35.003 [main] INFO  org.example.Main - Printing out sweepStakes...
2023-05-05 16:51:35.056 [main] INFO  org.example.Main - Printing out sweepStakes having removed one member...
2023-05-05 16:51:35.059 [main] INFO  org.example.Main - Printing cardNumbers...
2023-05-05 16:51:35.062 [main] INFO  org.example.Main - Printing cardNumbers...
2023-05-05 16:51:35.104 [main] INFO  org.example.Main - Exiting the application
2023-05-05 17:03:48.288 [main] INFO  org.example.Main - Printing out sweepStakes...
2023-05-05 17:03:48.337 [main] INFO  org.example.Main - Printing out sweepStakes having removed one member...
2023-05-05 17:03:48.341 [main] INFO  org.example.Main - Printing cardNumbers...
2023-05-05 17:03:48.344 [main] INFO  org.example.Main - Printing cardNumbers...
2023-05-05 17:03:48.396 [main] INFO  org.example.Main - Exiting the application
2023-05-05 17:05:32.430 [main] INFO  org.example.Main - Printing out sweepStakes...
2023-05-05 17:05:32.479 [main] INFO  org.example.Main - Printing out sweepStakes having removed one member...
2023-05-05 17:05:32.483 [main] INFO  org.example.Main - Printing cardNumbers...
2023-05-05 17:05:32.486 [main] INFO  org.example.Main - Printing cardNumbers...
2023-05-05 17:05:32.515 [main] INFO  org.example.Main - Exiting the application
2023-05-05 17:08:21.641 [main] INFO  org.example.Main - Printing out sweepStakes...
2023-05-05 17:08:21.688 [main] INFO  org.example.Main - Printing out sweepStakes having removed one member...
2023-05-05 17:08:21.694 [main] INFO  org.example.Main - Printing cardNumbers...
2023-05-05 17:08:21.697 [main] INFO  org.example.Main - Printing cardNumbers...
2023-05-05 17:08:21.745 [main] INFO  org.example.Main - Exiting the application
2023-05-05 17:26:56.435 [main] INFO  org.example.Main - Printing out sweepStakes...
2023-05-05 17:26:56.492 [main] INFO  org.example.Main - Printing out sweepStakes having removed one member...
2023-05-05 17:26:56.500 [main] INFO  org.example.Main - Printing cardNumbers...
2023-05-05 17:26:56.505 [main] INFO  org.example.Main - Printing cardNumbers...
2023-05-05 17:26:56.573 [main] INFO  org.example.Main - Exiting the application
2023-05-05 17:27:58.131 [main] INFO  org.example.Main - Printing out sweepStakes...
2023-05-05 17:27:58.211 [main] INFO  org.example.Main - Printing out sweepStakes having removed one member...
2023-05-05 17:27:58.214 [main] INFO  org.example.Main - Printing cardNumbers...
2023-05-05 17:27:58.218 [main] INFO  org.example.Main - Printing cardNumbers...
2023-05-05 17:27:58.300 [main] INFO  org.example.Main - Exiting the application
2023-05-05 17:39:20.810 [main] INFO  org.example.Main - Printing out sweepStakes...
2023-05-05 17:39:20.857 [main] INFO  org.example.Main - Printing out sweepStakes having removed one member...
2023-05-05 17:39:20.862 [main] INFO  org.example.Main - Printing cardNumbers...
2023-05-05 17:39:20.865 [main] INFO  org.example.Main - Printing cardNumbers...
2023-05-05 17:39:20.962 [main] ERROR org.example.Main - Error getting account by currency: No value present
2023-05-05 17:39:20.963 [main] INFO  org.example.Main - Exiting the application
2023-05-05 17:47:31.960 [main] INFO  org.example.Main - Printing out sweepStakes...
2023-05-05 17:47:32.014 [main] INFO  org.example.Main - Printing out sweepStakes having removed one member...
2023-05-05 17:47:32.024 [main] INFO  org.example.Main - Printing cardNumbers...
2023-05-05 17:47:32.027 [main] INFO  org.example.Main - Printing cardNumbers...
2023-05-05 17:47:32.079 [main] INFO  org.example.Main - Retrieving the 'Peso' account in ericLindros
2023-05-05 17:47:32.122 [main] INFO  org.example.Main - Retrieving the 'Peso' account in ericLindros
2023-05-05 17:47:32.124 [main] ERROR org.example.Main - Error getting account by currency: No value present
2023-05-05 17:47:32.125 [main] INFO  org.example.Main - Exiting the application
2023-05-05 17:48:17.805 [main] INFO  org.example.Main - Printing out sweepStakes...
2023-05-05 17:48:17.855 [main] INFO  org.example.Main - Printing out sweepStakes having removed one member...
2023-05-05 17:48:17.919 [main] INFO  org.example.Main - Printing cardNumbers...
2023-05-05 17:48:17.922 [main] INFO  org.example.Main - Printing cardNumbers...
2023-05-05 17:48:17.953 [main] INFO  org.example.Main - Retrieving the 'Peso' account in ericLindros
2023-05-05 17:48:17.989 [main] INFO  org.example.Main - Retrieving the 'Peso' account in ericLindros
2023-05-05 17:48:17.991 [main] ERROR org.example.Main - Error getting account by currency: No value present
2023-05-05 17:48:17.992 [main] INFO  org.example.Main - Exiting the application
